The MPI test test_mpi for C in mode normal failed to compile with the following output:
Change Dir: /private/Develop/Source/NetProg/build/CMakeFiles/CMakeTmp

Run Build Command(s):/usr/bin/gmake -f Makefile cmTC_c962f/fast && /usr/bin/gmake  -f CMakeFiles/cmTC_c962f.dir/build.make CMakeFiles/cmTC_c962f.dir/build
gmake[1]: Entering directory '/private/Develop/Source/NetProg/build/CMakeFiles/CMakeTmp'
Building C object CMakeFiles/cmTC_c962f.dir/test_mpi.c.o
/usr/bin/cc    -o CMakeFiles/cmTC_c962f.dir/test_mpi.c.o -c /usr/share/cmake-3.22/Modules/FindMPI/test_mpi.c
/usr/share/cmake-3.22/Modules/FindMPI/test_mpi.c:1:10: fatal error: mpi.h: No such file or directory
    1 | #include <mpi.h>
      |          ^~~~~~~
compilation terminated.
gmake[1]: *** [CMakeFiles/cmTC_c962f.dir/build.make:78: CMakeFiles/cmTC_c962f.dir/test_mpi.c.o] Error 1
gmake[1]: Leaving directory '/private/Develop/Source/NetProg/build/CMakeFiles/CMakeTmp'
gmake: *** [Makefile:127: cmTC_c962f/fast] Error 2



The MPI test test_mpi for CXX in mode normal failed to compile with the following output:
Change Dir: /private/Develop/Source/NetProg/build/CMakeFiles/CMakeTmp

Run Build Command(s):/usr/bin/gmake -f Makefile cmTC_81f05/fast && /usr/bin/gmake  -f CMakeFiles/cmTC_81f05.dir/build.make CMakeFiles/cmTC_81f05.dir/build
gmake[1]: Entering directory '/private/Develop/Source/NetProg/build/CMakeFiles/CMakeTmp'
Building CXX object CMakeFiles/cmTC_81f05.dir/test_mpi.cpp.o
/usr/bin/c++    -o CMakeFiles/cmTC_81f05.dir/test_mpi.cpp.o -c /private/Develop/Source/NetProg/build/CMakeFiles/FindMPI/test_mpi.cpp
/private/Develop/Source/NetProg/build/CMakeFiles/FindMPI/test_mpi.cpp:1:10: fatal error: mpi.h: No such file or directory
    1 | #include <mpi.h>
      |          ^~~~~~~
compilation terminated.
gmake[1]: *** [CMakeFiles/cmTC_81f05.dir/build.make:78: CMakeFiles/cmTC_81f05.dir/test_mpi.cpp.o] Error 1
gmake[1]: Leaving directory '/private/Develop/Source/NetProg/build/CMakeFiles/CMakeTmp'
gmake: *** [Makefile:127: cmTC_81f05/fast] Error 2



